D:\TZOD\BRANCHES\WORK_NC22\GAME\TMP\LIB_DEBUG\ZLIB.LIB
D:\TZOD\BRANCHES\WORK_NC22\GAME\TMP\LIB_DEBUG\ZLIB\ADLER32.OBJ
D:\TZOD\BRANCHES\WORK_NC22\GAME\TMP\LIB_DEBUG\ZLIB\COMPRESS.OBJ
D:\TZOD\BRANCHES\WORK_NC22\GAME\TMP\LIB_DEBUG\ZLIB\CRC32.OBJ
D:\TZOD\BRANCHES\WORK_NC22\GAME\TMP\LIB_DEBUG\ZLIB\DEFLATE.OBJ
D:\TZOD\BRANCHES\WORK_NC22\GAME\TMP\LIB_DEBUG\ZLIB\GZIO.OBJ
D:\TZOD\BRANCHES\WORK_NC22\GAME\TMP\LIB_DEBUG\ZLIB\INFBACK.OBJ
D:\TZOD\BRANCHES\WORK_NC22\GAME\TMP\LIB_DEBUG\ZLIB\INFFAST.OBJ
D:\TZOD\BRANCHES\WORK_NC22\GAME\TMP\LIB_DEBUG\ZLIB\INFLATE.OBJ
D:\TZOD\BRANCHES\WORK_NC22\GAME\TMP\LIB_DEBUG\ZLIB\INFTREES.OBJ
D:\TZOD\BRANCHES\WORK_NC22\GAME\TMP\LIB_DEBUG\ZLIB\TREES.OBJ
D:\TZOD\BRANCHES\WORK_NC22\GAME\TMP\LIB_DEBUG\ZLIB\UNCOMPR.OBJ
D:\TZOD\BRANCHES\WORK_NC22\GAME\TMP\LIB_DEBUG\ZLIB\VC100.PDB
D:\TZOD\BRANCHES\WORK_NC22\GAME\TMP\LIB_DEBUG\ZLIB\ZLIB1.RES
D:\TZOD\BRANCHES\WORK_NC22\GAME\TMP\LIB_DEBUG\ZLIB\ZUTIL.OBJ
D:\TZOD\BRANCHES\WORK_NC22_MODIFIED\GAME\TMP\LIB_DEBUG\ZLIB.LIB
D:\TZOD\BRANCHES\WORK_NC22_MODIFIED\GAME\TMP\LIB_DEBUG\ZLIB\ADLER32.OBJ
D:\TZOD\branches\work_NC22_modified\game\tmp\LIB_Debug\zlib\cl.command.1.tlog
D:\TZOD\branches\work_NC22_modified\game\tmp\LIB_Debug\zlib\CL.read.1.tlog
D:\TZOD\branches\work_NC22_modified\game\tmp\LIB_Debug\zlib\CL.write.1.tlog
D:\TZOD\BRANCHES\WORK_NC22_MODIFIED\GAME\TMP\LIB_DEBUG\ZLIB\COMPRESS.OBJ
D:\TZOD\BRANCHES\WORK_NC22_MODIFIED\GAME\TMP\LIB_DEBUG\ZLIB\CRC32.OBJ
D:\TZOD\BRANCHES\WORK_NC22_MODIFIED\GAME\TMP\LIB_DEBUG\ZLIB\DEFLATE.OBJ
D:\TZOD\BRANCHES\WORK_NC22_MODIFIED\GAME\TMP\LIB_DEBUG\ZLIB\GZIO.OBJ
D:\TZOD\BRANCHES\WORK_NC22_MODIFIED\GAME\TMP\LIB_DEBUG\ZLIB\INFBACK.OBJ
D:\TZOD\BRANCHES\WORK_NC22_MODIFIED\GAME\TMP\LIB_DEBUG\ZLIB\INFFAST.OBJ
D:\TZOD\BRANCHES\WORK_NC22_MODIFIED\GAME\TMP\LIB_DEBUG\ZLIB\INFLATE.OBJ
D:\TZOD\BRANCHES\WORK_NC22_MODIFIED\GAME\TMP\LIB_DEBUG\ZLIB\INFTREES.OBJ
D:\TZOD\branches\work_NC22_modified\game\tmp\LIB_Debug\zlib\lib.command.1.tlog
D:\TZOD\branches\work_NC22_modified\game\tmp\LIB_Debug\zlib\Lib-link.read.1.tlog
D:\TZOD\branches\work_NC22_modified\game\tmp\LIB_Debug\zlib\Lib-link.write.1.tlog
D:\TZOD\branches\work_NC22_modified\game\tmp\LIB_Debug\zlib\Lib-link-cvtres.read.1.tlog
D:\TZOD\branches\work_NC22_modified\game\tmp\LIB_Debug\zlib\Lib-link-cvtres.write.1.tlog
D:\TZOD\branches\work_NC22_modified\game\tmp\LIB_Debug\zlib\rc.command.1.tlog
D:\TZOD\branches\work_NC22_modified\game\tmp\LIB_Debug\zlib\rc.read.1.tlog
D:\TZOD\branches\work_NC22_modified\game\tmp\LIB_Debug\zlib\rc.write.1.tlog
D:\TZOD\BRANCHES\WORK_NC22_MODIFIED\GAME\TMP\LIB_DEBUG\ZLIB\TREES.OBJ
D:\TZOD\BRANCHES\WORK_NC22_MODIFIED\GAME\TMP\LIB_DEBUG\ZLIB\UNCOMPR.OBJ
D:\TZOD\branches\work_NC22_modified\game\tmp\LIB_Debug\zlib\vc100.idb
D:\TZOD\BRANCHES\WORK_NC22_MODIFIED\GAME\TMP\LIB_DEBUG\ZLIB\VC100.PDB
D:\TZOD\branches\work_NC22_modified\game\tmp\LIB_Debug\zlib\zlib.vcxprojResolveAssemblyReference.cache
D:\TZOD\branches\work_NC22_modified\game\tmp\LIB_Debug\zlib\zlib.write.1.tlog
D:\TZOD\BRANCHES\WORK_NC22_MODIFIED\GAME\TMP\LIB_DEBUG\ZLIB\ZLIB1.RES
D:\TZOD\BRANCHES\WORK_NC22_MODIFIED\GAME\TMP\LIB_DEBUG\ZLIB\ZUTIL.OBJ
