D:\TZOD\BRANCHES\WORK_NC22\GAME\TMP\DEBUG\OGGVORBIS.LIB
D:\TZOD\BRANCHES\WORK_NC22\GAME\TMP\DEBUG\OGGVORBIS\ANALYSIS.OBJ
D:\TZOD\BRANCHES\WORK_NC22\GAME\TMP\DEBUG\OGGVORBIS\BITRATE.OBJ
D:\TZOD\BRANCHES\WORK_NC22\GAME\TMP\DEBUG\OGGVORBIS\BITWISE.OBJ
D:\TZOD\BRANCHES\WORK_NC22\GAME\TMP\DEBUG\OGGVORBIS\BLOCK.OBJ
D:\TZOD\BRANCHES\WORK_NC22\GAME\TMP\DEBUG\OGGVORBIS\CODEBOOK.OBJ
D:\TZOD\BRANCHES\WORK_NC22\GAME\TMP\DEBUG\OGGVORBIS\ENVELOPE.OBJ
D:\TZOD\BRANCHES\WORK_NC22\GAME\TMP\DEBUG\OGGVORBIS\FLOOR0.OBJ
D:\TZOD\BRANCHES\WORK_NC22\GAME\TMP\DEBUG\OGGVORBIS\FLOOR1.OBJ
D:\TZOD\BRANCHES\WORK_NC22\GAME\TMP\DEBUG\OGGVORBIS\FRAMING.OBJ
D:\TZOD\BRANCHES\WORK_NC22\GAME\TMP\DEBUG\OGGVORBIS\INFO.OBJ
D:\TZOD\BRANCHES\WORK_NC22\GAME\TMP\DEBUG\OGGVORBIS\LPC.OBJ
D:\TZOD\BRANCHES\WORK_NC22\GAME\TMP\DEBUG\OGGVORBIS\LSP.OBJ
D:\TZOD\BRANCHES\WORK_NC22\GAME\TMP\DEBUG\OGGVORBIS\MAPPING0.OBJ
D:\TZOD\BRANCHES\WORK_NC22\GAME\TMP\DEBUG\OGGVORBIS\MDCT.OBJ
D:\TZOD\BRANCHES\WORK_NC22\GAME\TMP\DEBUG\OGGVORBIS\PSY.OBJ
D:\TZOD\BRANCHES\WORK_NC22\GAME\TMP\DEBUG\OGGVORBIS\REGISTRY.OBJ
D:\TZOD\BRANCHES\WORK_NC22\GAME\TMP\DEBUG\OGGVORBIS\RES0.OBJ
D:\TZOD\BRANCHES\WORK_NC22\GAME\TMP\DEBUG\OGGVORBIS\SHAREDBOOK.OBJ
D:\TZOD\BRANCHES\WORK_NC22\GAME\TMP\DEBUG\OGGVORBIS\SMALLFT.OBJ
D:\TZOD\BRANCHES\WORK_NC22\GAME\TMP\DEBUG\OGGVORBIS\SYNTHESIS.OBJ
D:\TZOD\BRANCHES\WORK_NC22\GAME\TMP\DEBUG\OGGVORBIS\VC100.PDB
D:\TZOD\BRANCHES\WORK_NC22\GAME\TMP\DEBUG\OGGVORBIS\VORBISFILE.OBJ
D:\TZOD\BRANCHES\WORK_NC22\GAME\TMP\DEBUG\OGGVORBIS\WINDOW.OBJ
D:\TZOD\BRANCHES\WORK_NC22_MODIFIED\GAME\TMP\DEBUG\OGGVORBIS.LIB
D:\TZOD\BRANCHES\WORK_NC22_MODIFIED\GAME\TMP\DEBUG\OGGVORBIS\ANALYSIS.OBJ
D:\TZOD\BRANCHES\WORK_NC22_MODIFIED\GAME\TMP\DEBUG\OGGVORBIS\BITRATE.OBJ
D:\TZOD\BRANCHES\WORK_NC22_MODIFIED\GAME\TMP\DEBUG\OGGVORBIS\BITWISE.OBJ
D:\TZOD\BRANCHES\WORK_NC22_MODIFIED\GAME\TMP\DEBUG\OGGVORBIS\BLOCK.OBJ
D:\TZOD\branches\work_NC22_modified\game\tmp\Debug\oggvorbis\cl.command.1.tlog
D:\TZOD\branches\work_NC22_modified\game\tmp\Debug\oggvorbis\CL.read.1.tlog
D:\TZOD\branches\work_NC22_modified\game\tmp\Debug\oggvorbis\CL.write.1.tlog
D:\TZOD\BRANCHES\WORK_NC22_MODIFIED\GAME\TMP\DEBUG\OGGVORBIS\CODEBOOK.OBJ
D:\TZOD\BRANCHES\WORK_NC22_MODIFIED\GAME\TMP\DEBUG\OGGVORBIS\ENVELOPE.OBJ
D:\TZOD\BRANCHES\WORK_NC22_MODIFIED\GAME\TMP\DEBUG\OGGVORBIS\FLOOR0.OBJ
D:\TZOD\BRANCHES\WORK_NC22_MODIFIED\GAME\TMP\DEBUG\OGGVORBIS\FLOOR1.OBJ
D:\TZOD\BRANCHES\WORK_NC22_MODIFIED\GAME\TMP\DEBUG\OGGVORBIS\FRAMING.OBJ
D:\TZOD\BRANCHES\WORK_NC22_MODIFIED\GAME\TMP\DEBUG\OGGVORBIS\INFO.OBJ
D:\TZOD\branches\work_NC22_modified\game\tmp\Debug\oggvorbis\lib.command.1.tlog
D:\TZOD\branches\work_NC22_modified\game\tmp\Debug\oggvorbis\Lib-link.read.1.tlog
D:\TZOD\branches\work_NC22_modified\game\tmp\Debug\oggvorbis\Lib-link.write.1.tlog
D:\TZOD\BRANCHES\WORK_NC22_MODIFIED\GAME\TMP\DEBUG\OGGVORBIS\LPC.OBJ
D:\TZOD\BRANCHES\WORK_NC22_MODIFIED\GAME\TMP\DEBUG\OGGVORBIS\LSP.OBJ
D:\TZOD\BRANCHES\WORK_NC22_MODIFIED\GAME\TMP\DEBUG\OGGVORBIS\MAPPING0.OBJ
D:\TZOD\BRANCHES\WORK_NC22_MODIFIED\GAME\TMP\DEBUG\OGGVORBIS\MDCT.OBJ
D:\TZOD\branches\work_NC22_modified\game\tmp\Debug\oggvorbis\oggvorbis.vcxprojResolveAssemblyReference.cache
D:\TZOD\branches\work_NC22_modified\game\tmp\Debug\oggvorbis\oggvorbis.write.1.tlog
D:\TZOD\BRANCHES\WORK_NC22_MODIFIED\GAME\TMP\DEBUG\OGGVORBIS\PSY.OBJ
D:\TZOD\BRANCHES\WORK_NC22_MODIFIED\GAME\TMP\DEBUG\OGGVORBIS\REGISTRY.OBJ
D:\TZOD\BRANCHES\WORK_NC22_MODIFIED\GAME\TMP\DEBUG\OGGVORBIS\RES0.OBJ
D:\TZOD\BRANCHES\WORK_NC22_MODIFIED\GAME\TMP\DEBUG\OGGVORBIS\SHAREDBOOK.OBJ
D:\TZOD\BRANCHES\WORK_NC22_MODIFIED\GAME\TMP\DEBUG\OGGVORBIS\SMALLFT.OBJ
D:\TZOD\BRANCHES\WORK_NC22_MODIFIED\GAME\TMP\DEBUG\OGGVORBIS\SYNTHESIS.OBJ
D:\TZOD\branches\work_NC22_modified\game\tmp\Debug\oggvorbis\vc100.idb
D:\TZOD\BRANCHES\WORK_NC22_MODIFIED\GAME\TMP\DEBUG\OGGVORBIS\VC100.PDB
D:\TZOD\BRANCHES\WORK_NC22_MODIFIED\GAME\TMP\DEBUG\OGGVORBIS\VORBISFILE.OBJ
D:\TZOD\BRANCHES\WORK_NC22_MODIFIED\GAME\TMP\DEBUG\OGGVORBIS\WINDOW.OBJ
