D:\TZOD\BRANCHES\WORK_NC22_MODIFIED\GAME\TMP\RELEASE\OGGVORBIS.LIB
D:\TZOD\BRANCHES\WORK_NC22_MODIFIED\GAME\TMP\RELEASE\OGGVORBIS\ANALYSIS.OBJ
D:\TZOD\BRANCHES\WORK_NC22_MODIFIED\GAME\TMP\RELEASE\OGGVORBIS\BITRATE.OBJ
D:\TZOD\BRANCHES\WORK_NC22_MODIFIED\GAME\TMP\RELEASE\OGGVORBIS\BITWISE.OBJ
D:\TZOD\BRANCHES\WORK_NC22_MODIFIED\GAME\TMP\RELEASE\OGGVORBIS\BLOCK.OBJ
D:\TZOD\branches\work_NC22_modified\game\tmp\Release\oggvorbis\cl.command.1.tlog
D:\TZOD\branches\work_NC22_modified\game\tmp\Release\oggvorbis\CL.read.1.tlog
D:\TZOD\branches\work_NC22_modified\game\tmp\Release\oggvorbis\CL.write.1.tlog
D:\TZOD\BRANCHES\WORK_NC22_MODIFIED\GAME\TMP\RELEASE\OGGVORBIS\CODEBOOK.OBJ
D:\TZOD\BRANCHES\WORK_NC22_MODIFIED\GAME\TMP\RELEASE\OGGVORBIS\ENVELOPE.OBJ
D:\TZOD\BRANCHES\WORK_NC22_MODIFIED\GAME\TMP\RELEASE\OGGVORBIS\FLOOR0.OBJ
D:\TZOD\BRANCHES\WORK_NC22_MODIFIED\GAME\TMP\RELEASE\OGGVORBIS\FLOOR1.OBJ
D:\TZOD\BRANCHES\WORK_NC22_MODIFIED\GAME\TMP\RELEASE\OGGVORBIS\FRAMING.OBJ
D:\TZOD\BRANCHES\WORK_NC22_MODIFIED\GAME\TMP\RELEASE\OGGVORBIS\INFO.OBJ
D:\TZOD\branches\work_NC22_modified\game\tmp\Release\oggvorbis\lib.command.1.tlog
D:\TZOD\branches\work_NC22_modified\game\tmp\Release\oggvorbis\Lib-link.read.1.tlog
D:\TZOD\branches\work_NC22_modified\game\tmp\Release\oggvorbis\Lib-link.write.1.tlog
D:\TZOD\BRANCHES\WORK_NC22_MODIFIED\GAME\TMP\RELEASE\OGGVORBIS\LOOKUP.OBJ
D:\TZOD\BRANCHES\WORK_NC22_MODIFIED\GAME\TMP\RELEASE\OGGVORBIS\LPC.OBJ
D:\TZOD\BRANCHES\WORK_NC22_MODIFIED\GAME\TMP\RELEASE\OGGVORBIS\LSP.OBJ
D:\TZOD\BRANCHES\WORK_NC22_MODIFIED\GAME\TMP\RELEASE\OGGVORBIS\MAPPING0.OBJ
D:\TZOD\BRANCHES\WORK_NC22_MODIFIED\GAME\TMP\RELEASE\OGGVORBIS\MDCT.OBJ
D:\TZOD\branches\work_NC22_modified\game\tmp\Release\oggvorbis\oggvorbis.write.1.tlog
D:\TZOD\BRANCHES\WORK_NC22_MODIFIED\GAME\TMP\RELEASE\OGGVORBIS\PSY.OBJ
D:\TZOD\BRANCHES\WORK_NC22_MODIFIED\GAME\TMP\RELEASE\OGGVORBIS\REGISTRY.OBJ
D:\TZOD\BRANCHES\WORK_NC22_MODIFIED\GAME\TMP\RELEASE\OGGVORBIS\RES0.OBJ
D:\TZOD\BRANCHES\WORK_NC22_MODIFIED\GAME\TMP\RELEASE\OGGVORBIS\SHAREDBOOK.OBJ
D:\TZOD\BRANCHES\WORK_NC22_MODIFIED\GAME\TMP\RELEASE\OGGVORBIS\SMALLFT.OBJ
D:\TZOD\BRANCHES\WORK_NC22_MODIFIED\GAME\TMP\RELEASE\OGGVORBIS\SYNTHESIS.OBJ
D:\TZOD\BRANCHES\WORK_NC22_MODIFIED\GAME\TMP\RELEASE\OGGVORBIS\VC100.PDB
D:\TZOD\BRANCHES\WORK_NC22_MODIFIED\GAME\TMP\RELEASE\OGGVORBIS\VORBISFILE.OBJ
D:\TZOD\BRANCHES\WORK_NC22_MODIFIED\GAME\TMP\RELEASE\OGGVORBIS\WINDOW.OBJ
