D:\TZOD\BRANCHES\WORK_NC22_MODIFIED\GAME\TMP\LIB_RELEASE\ZLIB.LIB
D:\TZOD\BRANCHES\WORK_NC22_MODIFIED\GAME\TMP\LIB_RELEASE\ZLIB\ADLER32.OBJ
D:\TZOD\branches\work_NC22_modified\game\tmp\LIB_Release\zlib\cl.command.1.tlog
D:\TZOD\branches\work_NC22_modified\game\tmp\LIB_Release\zlib\CL.read.1.tlog
D:\TZOD\branches\work_NC22_modified\game\tmp\LIB_Release\zlib\CL.write.1.tlog
D:\TZOD\BRANCHES\WORK_NC22_MODIFIED\GAME\TMP\LIB_RELEASE\ZLIB\COMPRESS.OBJ
D:\TZOD\BRANCHES\WORK_NC22_MODIFIED\GAME\TMP\LIB_RELEASE\ZLIB\CRC32.OBJ
D:\TZOD\BRANCHES\WORK_NC22_MODIFIED\GAME\TMP\LIB_RELEASE\ZLIB\DEFLATE.OBJ
D:\TZOD\BRANCHES\WORK_NC22_MODIFIED\GAME\TMP\LIB_RELEASE\ZLIB\GZIO.OBJ
D:\TZOD\BRANCHES\WORK_NC22_MODIFIED\GAME\TMP\LIB_RELEASE\ZLIB\INFBACK.OBJ
D:\TZOD\BRANCHES\WORK_NC22_MODIFIED\GAME\TMP\LIB_RELEASE\ZLIB\INFFAST.OBJ
D:\TZOD\BRANCHES\WORK_NC22_MODIFIED\GAME\TMP\LIB_RELEASE\ZLIB\INFLATE.OBJ
D:\TZOD\BRANCHES\WORK_NC22_MODIFIED\GAME\TMP\LIB_RELEASE\ZLIB\INFTREES.OBJ
D:\TZOD\branches\work_NC22_modified\game\tmp\LIB_Release\zlib\lib.command.1.tlog
D:\TZOD\branches\work_NC22_modified\game\tmp\LIB_Release\zlib\Lib-link.read.1.tlog
D:\TZOD\branches\work_NC22_modified\game\tmp\LIB_Release\zlib\Lib-link.write.1.tlog
D:\TZOD\branches\work_NC22_modified\game\tmp\LIB_Release\zlib\Lib-link-cvtres.read.1.tlog
D:\TZOD\branches\work_NC22_modified\game\tmp\LIB_Release\zlib\Lib-link-cvtres.write.1.tlog
D:\TZOD\branches\work_NC22_modified\game\tmp\LIB_Release\zlib\rc.command.1.tlog
D:\TZOD\branches\work_NC22_modified\game\tmp\LIB_Release\zlib\rc.read.1.tlog
D:\TZOD\branches\work_NC22_modified\game\tmp\LIB_Release\zlib\rc.write.1.tlog
D:\TZOD\BRANCHES\WORK_NC22_MODIFIED\GAME\TMP\LIB_RELEASE\ZLIB\TREES.OBJ
D:\TZOD\BRANCHES\WORK_NC22_MODIFIED\GAME\TMP\LIB_RELEASE\ZLIB\UNCOMPR.OBJ
D:\TZOD\BRANCHES\WORK_NC22_MODIFIED\GAME\TMP\LIB_RELEASE\ZLIB\VC100.PDB
D:\TZOD\branches\work_NC22_modified\game\tmp\LIB_Release\zlib\zlib.write.1.tlog
D:\TZOD\BRANCHES\WORK_NC22_MODIFIED\GAME\TMP\LIB_RELEASE\ZLIB\ZLIB1.RES
D:\TZOD\BRANCHES\WORK_NC22_MODIFIED\GAME\TMP\LIB_RELEASE\ZLIB\ZUTIL.OBJ
