D:\TZOD\BRANCHES\WORK_NC22\GAME\TMP\DEBUG\LUA.LIB
D:\TZOD\BRANCHES\WORK_NC22\GAME\TMP\DEBUG\LUA\LAPI.OBJ
D:\TZOD\BRANCHES\WORK_NC22\GAME\TMP\DEBUG\LUA\LAUXLIB.OBJ
D:\TZOD\BRANCHES\WORK_NC22\GAME\TMP\DEBUG\LUA\LBASELIB.OBJ
D:\TZOD\BRANCHES\WORK_NC22\GAME\TMP\DEBUG\LUA\LCODE.OBJ
D:\TZOD\BRANCHES\WORK_NC22\GAME\TMP\DEBUG\LUA\LDBLIB.OBJ
D:\TZOD\BRANCHES\WORK_NC22\GAME\TMP\DEBUG\LUA\LDEBUG.OBJ
D:\TZOD\BRANCHES\WORK_NC22\GAME\TMP\DEBUG\LUA\LDO.OBJ
D:\TZOD\BRANCHES\WORK_NC22\GAME\TMP\DEBUG\LUA\LDUMP.OBJ
D:\TZOD\BRANCHES\WORK_NC22\GAME\TMP\DEBUG\LUA\LFUNC.OBJ
D:\TZOD\BRANCHES\WORK_NC22\GAME\TMP\DEBUG\LUA\LGC.OBJ
D:\TZOD\BRANCHES\WORK_NC22\GAME\TMP\DEBUG\LUA\LIOLIB.OBJ
D:\TZOD\BRANCHES\WORK_NC22\GAME\TMP\DEBUG\LUA\LLEX.OBJ
D:\TZOD\BRANCHES\WORK_NC22\GAME\TMP\DEBUG\LUA\LMATHLIB.OBJ
D:\TZOD\BRANCHES\WORK_NC22\GAME\TMP\DEBUG\LUA\LMEM.OBJ
D:\TZOD\BRANCHES\WORK_NC22\GAME\TMP\DEBUG\LUA\LOADLIB.OBJ
D:\TZOD\BRANCHES\WORK_NC22\GAME\TMP\DEBUG\LUA\LOBJECT.OBJ
D:\TZOD\BRANCHES\WORK_NC22\GAME\TMP\DEBUG\LUA\LOPCODES.OBJ
D:\TZOD\BRANCHES\WORK_NC22\GAME\TMP\DEBUG\LUA\LOSLIB.OBJ
D:\TZOD\BRANCHES\WORK_NC22\GAME\TMP\DEBUG\LUA\LPARSER.OBJ
D:\TZOD\BRANCHES\WORK_NC22\GAME\TMP\DEBUG\LUA\LSTATE.OBJ
D:\TZOD\BRANCHES\WORK_NC22\GAME\TMP\DEBUG\LUA\LSTRING.OBJ
D:\TZOD\BRANCHES\WORK_NC22\GAME\TMP\DEBUG\LUA\LSTRLIB.OBJ
D:\TZOD\BRANCHES\WORK_NC22\GAME\TMP\DEBUG\LUA\LTABLE.OBJ
D:\TZOD\BRANCHES\WORK_NC22\GAME\TMP\DEBUG\LUA\LTABLIB.OBJ
D:\TZOD\BRANCHES\WORK_NC22\GAME\TMP\DEBUG\LUA\LTM.OBJ
D:\TZOD\BRANCHES\WORK_NC22\GAME\TMP\DEBUG\LUA\LUNDUMP.OBJ
D:\TZOD\BRANCHES\WORK_NC22\GAME\TMP\DEBUG\LUA\LVM.OBJ
D:\TZOD\BRANCHES\WORK_NC22\GAME\TMP\DEBUG\LUA\LZIO.OBJ
D:\TZOD\BRANCHES\WORK_NC22\GAME\TMP\DEBUG\LUA\PLUTO.OBJ
D:\TZOD\BRANCHES\WORK_NC22\GAME\TMP\DEBUG\LUA\VC100.PDB
D:\TZOD\BRANCHES\WORK_NC22_MODIFIED\GAME\TMP\DEBUG\LUA.LIB
D:\TZOD\branches\work_NC22_modified\game\tmp\Debug\lua\cl.command.1.tlog
D:\TZOD\branches\work_NC22_modified\game\tmp\Debug\lua\CL.read.1.tlog
D:\TZOD\branches\work_NC22_modified\game\tmp\Debug\lua\CL.write.1.tlog
D:\TZOD\BRANCHES\WORK_NC22_MODIFIED\GAME\TMP\DEBUG\LUA\LAPI.OBJ
D:\TZOD\BRANCHES\WORK_NC22_MODIFIED\GAME\TMP\DEBUG\LUA\LAUXLIB.OBJ
D:\TZOD\BRANCHES\WORK_NC22_MODIFIED\GAME\TMP\DEBUG\LUA\LBASELIB.OBJ
D:\TZOD\BRANCHES\WORK_NC22_MODIFIED\GAME\TMP\DEBUG\LUA\LCODE.OBJ
D:\TZOD\BRANCHES\WORK_NC22_MODIFIED\GAME\TMP\DEBUG\LUA\LDBLIB.OBJ
D:\TZOD\BRANCHES\WORK_NC22_MODIFIED\GAME\TMP\DEBUG\LUA\LDEBUG.OBJ
D:\TZOD\BRANCHES\WORK_NC22_MODIFIED\GAME\TMP\DEBUG\LUA\LDO.OBJ
D:\TZOD\BRANCHES\WORK_NC22_MODIFIED\GAME\TMP\DEBUG\LUA\LDUMP.OBJ
D:\TZOD\BRANCHES\WORK_NC22_MODIFIED\GAME\TMP\DEBUG\LUA\LFUNC.OBJ
D:\TZOD\BRANCHES\WORK_NC22_MODIFIED\GAME\TMP\DEBUG\LUA\LGC.OBJ
D:\TZOD\branches\work_NC22_modified\game\tmp\Debug\lua\lib.command.1.tlog
D:\TZOD\branches\work_NC22_modified\game\tmp\Debug\lua\Lib.read.1.tlog
D:\TZOD\branches\work_NC22_modified\game\tmp\Debug\lua\Lib-link.read.1.tlog
D:\TZOD\branches\work_NC22_modified\game\tmp\Debug\lua\Lib-link.write.1.tlog
D:\TZOD\BRANCHES\WORK_NC22_MODIFIED\GAME\TMP\DEBUG\LUA\LIOLIB.OBJ
D:\TZOD\BRANCHES\WORK_NC22_MODIFIED\GAME\TMP\DEBUG\LUA\LLEX.OBJ
D:\TZOD\BRANCHES\WORK_NC22_MODIFIED\GAME\TMP\DEBUG\LUA\LMATHLIB.OBJ
D:\TZOD\BRANCHES\WORK_NC22_MODIFIED\GAME\TMP\DEBUG\LUA\LMEM.OBJ
D:\TZOD\BRANCHES\WORK_NC22_MODIFIED\GAME\TMP\DEBUG\LUA\LOADLIB.OBJ
D:\TZOD\BRANCHES\WORK_NC22_MODIFIED\GAME\TMP\DEBUG\LUA\LOBJECT.OBJ
D:\TZOD\BRANCHES\WORK_NC22_MODIFIED\GAME\TMP\DEBUG\LUA\LOPCODES.OBJ
D:\TZOD\BRANCHES\WORK_NC22_MODIFIED\GAME\TMP\DEBUG\LUA\LOSLIB.OBJ
D:\TZOD\BRANCHES\WORK_NC22_MODIFIED\GAME\TMP\DEBUG\LUA\LPARSER.OBJ
D:\TZOD\BRANCHES\WORK_NC22_MODIFIED\GAME\TMP\DEBUG\LUA\LSTATE.OBJ
D:\TZOD\BRANCHES\WORK_NC22_MODIFIED\GAME\TMP\DEBUG\LUA\LSTRING.OBJ
D:\TZOD\BRANCHES\WORK_NC22_MODIFIED\GAME\TMP\DEBUG\LUA\LSTRLIB.OBJ
D:\TZOD\BRANCHES\WORK_NC22_MODIFIED\GAME\TMP\DEBUG\LUA\LTABLE.OBJ
D:\TZOD\BRANCHES\WORK_NC22_MODIFIED\GAME\TMP\DEBUG\LUA\LTABLIB.OBJ
D:\TZOD\BRANCHES\WORK_NC22_MODIFIED\GAME\TMP\DEBUG\LUA\LTM.OBJ
D:\TZOD\branches\work_NC22_modified\game\tmp\Debug\lua\lua.vcxprojResolveAssemblyReference.cache
D:\TZOD\branches\work_NC22_modified\game\tmp\Debug\lua\lua.write.1.tlog
D:\TZOD\BRANCHES\WORK_NC22_MODIFIED\GAME\TMP\DEBUG\LUA\LUNDUMP.OBJ
D:\TZOD\BRANCHES\WORK_NC22_MODIFIED\GAME\TMP\DEBUG\LUA\LVM.OBJ
D:\TZOD\BRANCHES\WORK_NC22_MODIFIED\GAME\TMP\DEBUG\LUA\LZIO.OBJ
D:\TZOD\BRANCHES\WORK_NC22_MODIFIED\GAME\TMP\DEBUG\LUA\PLUTO.OBJ
D:\TZOD\branches\work_NC22_modified\game\tmp\Debug\lua\vc100.idb
D:\TZOD\BRANCHES\WORK_NC22_MODIFIED\GAME\TMP\DEBUG\LUA\VC100.PDB
