D:\TZOD\BRANCHES\WORK_NC22_MODIFIED\GAME\TMP\RELEASE\LUA.LIB
D:\TZOD\branches\work_NC22_modified\game\tmp\Release\lua\cl.command.1.tlog
D:\TZOD\branches\work_NC22_modified\game\tmp\Release\lua\CL.read.1.tlog
D:\TZOD\branches\work_NC22_modified\game\tmp\Release\lua\CL.write.1.tlog
D:\TZOD\BRANCHES\WORK_NC22_MODIFIED\GAME\TMP\RELEASE\LUA\LAPI.OBJ
D:\TZOD\BRANCHES\WORK_NC22_MODIFIED\GAME\TMP\RELEASE\LUA\LAUXLIB.OBJ
D:\TZOD\BRANCHES\WORK_NC22_MODIFIED\GAME\TMP\RELEASE\LUA\LBASELIB.OBJ
D:\TZOD\BRANCHES\WORK_NC22_MODIFIED\GAME\TMP\RELEASE\LUA\LCODE.OBJ
D:\TZOD\BRANCHES\WORK_NC22_MODIFIED\GAME\TMP\RELEASE\LUA\LDEBUG.OBJ
D:\TZOD\BRANCHES\WORK_NC22_MODIFIED\GAME\TMP\RELEASE\LUA\LDO.OBJ
D:\TZOD\BRANCHES\WORK_NC22_MODIFIED\GAME\TMP\RELEASE\LUA\LDUMP.OBJ
D:\TZOD\BRANCHES\WORK_NC22_MODIFIED\GAME\TMP\RELEASE\LUA\LFUNC.OBJ
D:\TZOD\BRANCHES\WORK_NC22_MODIFIED\GAME\TMP\RELEASE\LUA\LGC.OBJ
D:\TZOD\branches\work_NC22_modified\game\tmp\Release\lua\lib.command.1.tlog
D:\TZOD\branches\work_NC22_modified\game\tmp\Release\lua\Lib-link.read.1.tlog
D:\TZOD\branches\work_NC22_modified\game\tmp\Release\lua\Lib-link.write.1.tlog
D:\TZOD\BRANCHES\WORK_NC22_MODIFIED\GAME\TMP\RELEASE\LUA\LIOLIB.OBJ
D:\TZOD\BRANCHES\WORK_NC22_MODIFIED\GAME\TMP\RELEASE\LUA\LLEX.OBJ
D:\TZOD\BRANCHES\WORK_NC22_MODIFIED\GAME\TMP\RELEASE\LUA\LMATHLIB.OBJ
D:\TZOD\BRANCHES\WORK_NC22_MODIFIED\GAME\TMP\RELEASE\LUA\LMEM.OBJ
D:\TZOD\BRANCHES\WORK_NC22_MODIFIED\GAME\TMP\RELEASE\LUA\LOADLIB.OBJ
D:\TZOD\BRANCHES\WORK_NC22_MODIFIED\GAME\TMP\RELEASE\LUA\LOBJECT.OBJ
D:\TZOD\BRANCHES\WORK_NC22_MODIFIED\GAME\TMP\RELEASE\LUA\LOPCODES.OBJ
D:\TZOD\BRANCHES\WORK_NC22_MODIFIED\GAME\TMP\RELEASE\LUA\LOSLIB.OBJ
D:\TZOD\BRANCHES\WORK_NC22_MODIFIED\GAME\TMP\RELEASE\LUA\LPARSER.OBJ
D:\TZOD\BRANCHES\WORK_NC22_MODIFIED\GAME\TMP\RELEASE\LUA\LSTATE.OBJ
D:\TZOD\BRANCHES\WORK_NC22_MODIFIED\GAME\TMP\RELEASE\LUA\LSTRING.OBJ
D:\TZOD\BRANCHES\WORK_NC22_MODIFIED\GAME\TMP\RELEASE\LUA\LSTRLIB.OBJ
D:\TZOD\BRANCHES\WORK_NC22_MODIFIED\GAME\TMP\RELEASE\LUA\LTABLE.OBJ
D:\TZOD\BRANCHES\WORK_NC22_MODIFIED\GAME\TMP\RELEASE\LUA\LTABLIB.OBJ
D:\TZOD\BRANCHES\WORK_NC22_MODIFIED\GAME\TMP\RELEASE\LUA\LTM.OBJ
D:\TZOD\branches\work_NC22_modified\game\tmp\Release\lua\lua.vcxprojResolveAssemblyReference.cache
D:\TZOD\branches\work_NC22_modified\game\tmp\Release\lua\lua.write.1.tlog
D:\TZOD\BRANCHES\WORK_NC22_MODIFIED\GAME\TMP\RELEASE\LUA\LUNDUMP.OBJ
D:\TZOD\BRANCHES\WORK_NC22_MODIFIED\GAME\TMP\RELEASE\LUA\LVM.OBJ
D:\TZOD\BRANCHES\WORK_NC22_MODIFIED\GAME\TMP\RELEASE\LUA\LZIO.OBJ
D:\TZOD\BRANCHES\WORK_NC22_MODIFIED\GAME\TMP\RELEASE\LUA\PLUTO.OBJ
D:\TZOD\BRANCHES\WORK_NC22_MODIFIED\GAME\TMP\RELEASE\LUA\VC100.PDB
