D:\TZOD\BRANCHES\WORK_NC22\GAME\OUT\DEBUG\TANK.EXE
D:\TZOD\BRANCHES\WORK_NC22\GAME\OUT\DEBUG\TANK.ILK
D:\TZOD\BRANCHES\WORK_NC22\GAME\TMP\DEBUG\TANK\2DSPRITE.OBJ
D:\TZOD\BRANCHES\WORK_NC22\GAME\TMP\DEBUG\TANK\ACTOR.OBJ
D:\TZOD\BRANCHES\WORK_NC22\GAME\TMP\DEBUG\TANK\AI.OBJ
D:\TZOD\BRANCHES\WORK_NC22\GAME\TMP\DEBUG\TANK\APPLICATION.OBJ
D:\TZOD\BRANCHES\WORK_NC22\GAME\TMP\DEBUG\TANK\BUTTON.OBJ
D:\TZOD\BRANCHES\WORK_NC22\GAME\TMP\DEBUG\TANK\CAMERA.OBJ
D:\TZOD\BRANCHES\WORK_NC22\GAME\TMP\DEBUG\TANK\COMBO.OBJ
D:\TZOD\BRANCHES\WORK_NC22\GAME\TMP\DEBUG\TANK\COMMONTYPES.OBJ
D:\TZOD\BRANCHES\WORK_NC22\GAME\TMP\DEBUG\TANK\CONFIG.OBJ
D:\TZOD\BRANCHES\WORK_NC22\GAME\TMP\DEBUG\TANK\CONFIGBASE.OBJ
D:\TZOD\BRANCHES\WORK_NC22\GAME\TMP\DEBUG\TANK\CONSOLEBUFFER.OBJ
D:\TZOD\BRANCHES\WORK_NC22\GAME\TMP\DEBUG\TANK\CONTROLPACKET.OBJ
D:\TZOD\BRANCHES\WORK_NC22\GAME\TMP\DEBUG\TANK\CRATE.OBJ
D:\TZOD\BRANCHES\WORK_NC22\GAME\TMP\DEBUG\TANK\DEFAULTCAMERA.OBJ
D:\TZOD\BRANCHES\WORK_NC22\GAME\TMP\DEBUG\TANK\DIALOG.OBJ
D:\TZOD\BRANCHES\WORK_NC22\GAME\TMP\DEBUG\TANK\DIRECTX.OBJ
D:\TZOD\BRANCHES\WORK_NC22\GAME\TMP\DEBUG\TANK\DSUTIL.OBJ
D:\TZOD\BRANCHES\WORK_NC22\GAME\TMP\DEBUG\TANK\EDIT.OBJ
D:\TZOD\BRANCHES\WORK_NC22\GAME\TMP\DEBUG\TANK\FILESYSTEM.OBJ
D:\TZOD\BRANCHES\WORK_NC22\GAME\TMP\DEBUG\TANK\FUNCTIONS.OBJ
D:\TZOD\BRANCHES\WORK_NC22\GAME\TMP\DEBUG\TANK\GAMECLASSES.OBJ
D:\TZOD\BRANCHES\WORK_NC22\GAME\TMP\DEBUG\TANK\GLOBALS.OBJ
D:\TZOD\BRANCHES\WORK_NC22\GAME\TMP\DEBUG\TANK\GUI.OBJ
D:\TZOD\BRANCHES\WORK_NC22\GAME\TMP\DEBUG\TANK\GUI_CAMPAIGN.OBJ
D:\TZOD\BRANCHES\WORK_NC22\GAME\TMP\DEBUG\TANK\GUI_CONSOLE.OBJ
D:\TZOD\BRANCHES\WORK_NC22\GAME\TMP\DEBUG\TANK\GUI_DESKTOP.OBJ
D:\TZOD\BRANCHES\WORK_NC22\GAME\TMP\DEBUG\TANK\GUI_EDITOR.OBJ
D:\TZOD\BRANCHES\WORK_NC22\GAME\TMP\DEBUG\TANK\GUI_GETFILENAME.OBJ
D:\TZOD\BRANCHES\WORK_NC22\GAME\TMP\DEBUG\TANK\GUI_MAINMENU.OBJ
D:\TZOD\BRANCHES\WORK_NC22\GAME\TMP\DEBUG\TANK\GUI_MAPLIST.OBJ
D:\TZOD\BRANCHES\WORK_NC22\GAME\TMP\DEBUG\TANK\GUI_NETWORK.OBJ
D:\TZOD\BRANCHES\WORK_NC22\GAME\TMP\DEBUG\TANK\GUI_SCORETABLE.OBJ
D:\TZOD\BRANCHES\WORK_NC22\GAME\TMP\DEBUG\TANK\GUI_SETTINGS.OBJ
D:\TZOD\BRANCHES\WORK_NC22\GAME\TMP\DEBUG\TANK\GUI_WIDGETS.OBJ
D:\TZOD\BRANCHES\WORK_NC22\GAME\TMP\DEBUG\TANK\GUIMANAGER.OBJ
D:\TZOD\BRANCHES\WORK_NC22\GAME\TMP\DEBUG\TANK\HTTPCLIENT.OBJ
D:\TZOD\BRANCHES\WORK_NC22\GAME\TMP\DEBUG\TANK\IMAGELOADER.OBJ
D:\TZOD\BRANCHES\WORK_NC22\GAME\TMP\DEBUG\TANK\INDICATORS.OBJ
D:\TZOD\BRANCHES\WORK_NC22\GAME\TMP\DEBUG\TANK\INIT.OBJ
D:\TZOD\BRANCHES\WORK_NC22\GAME\TMP\DEBUG\TANK\INPUTMANAGER.OBJ
D:\TZOD\BRANCHES\WORK_NC22\GAME\TMP\DEBUG\TANK\INTERFACE.OBJ
D:\TZOD\BRANCHES\WORK_NC22\GAME\TMP\DEBUG\TANK\KEYMAPPER.OBJ
D:\TZOD\BRANCHES\WORK_NC22\GAME\TMP\DEBUG\TANK\LANGUAGE.OBJ
D:\TZOD\BRANCHES\WORK_NC22\GAME\TMP\DEBUG\TANK\LEVEL.OBJ
D:\TZOD\BRANCHES\WORK_NC22\GAME\TMP\DEBUG\TANK\LIGHT.OBJ
D:\TZOD\BRANCHES\WORK_NC22\GAME\TMP\DEBUG\TANK\LIST.OBJ
D:\TZOD\BRANCHES\WORK_NC22\GAME\TMP\DEBUG\TANK\LISTBASE.OBJ
D:\TZOD\BRANCHES\WORK_NC22\GAME\TMP\DEBUG\TANK\LOBBYCLIENT.OBJ
D:\TZOD\BRANCHES\WORK_NC22\GAME\TMP\DEBUG\TANK\MAIN.OBJ
D:\TZOD\BRANCHES\WORK_NC22\GAME\TMP\DEBUG\TANK\MAPFILE.OBJ
D:\TZOD\BRANCHES\WORK_NC22\GAME\TMP\DEBUG\TANK\MD5.OBJ
D:\TZOD\BRANCHES\WORK_NC22\GAME\TMP\DEBUG\TANK\MESSAGEBOX.OBJ
D:\TZOD\BRANCHES\WORK_NC22\GAME\TMP\DEBUG\TANK\MOUSEPOINTER.OBJ
D:\TZOD\BRANCHES\WORK_NC22\GAME\TMP\DEBUG\TANK\MUSICPLAYER.OBJ
D:\TZOD\BRANCHES\WORK_NC22\GAME\TMP\DEBUG\TANK\OBJECT.OBJ
D:\TZOD\BRANCHES\WORK_NC22\GAME\TMP\DEBUG\TANK\PARTICLES.OBJ
D:\TZOD\BRANCHES\WORK_NC22\GAME\TMP\DEBUG\TANK\PEER.OBJ
D:\TZOD\BRANCHES\WORK_NC22\GAME\TMP\DEBUG\TANK\PICKUP.OBJ
D:\TZOD\BRANCHES\WORK_NC22\GAME\TMP\DEBUG\TANK\PLAYER.OBJ
D:\TZOD\BRANCHES\WORK_NC22\GAME\TMP\DEBUG\TANK\PROFILER.OBJ
D:\TZOD\BRANCHES\WORK_NC22\GAME\TMP\DEBUG\TANK\PROJECTILES.OBJ
D:\TZOD\BRANCHES\WORK_NC22\GAME\TMP\DEBUG\TANK\RENDERDIRECT3D.OBJ
D:\TZOD\BRANCHES\WORK_NC22\GAME\TMP\DEBUG\TANK\RENDEROPENGL.OBJ
D:\TZOD\BRANCHES\WORK_NC22\GAME\TMP\DEBUG\TANK\RIGIDBODY.OBJ
D:\TZOD\BRANCHES\WORK_NC22\GAME\TMP\DEBUG\TANK\RIGIDBODYDYNAMIC.OBJ
D:\TZOD\BRANCHES\WORK_NC22\GAME\TMP\DEBUG\TANK\ROTATOR.OBJ
D:\TZOD\BRANCHES\WORK_NC22\GAME\TMP\DEBUG\TANK\SAFEPTR.OBJ
D:\TZOD\BRANCHES\WORK_NC22\GAME\TMP\DEBUG\TANK\SAVEFILE.OBJ
D:\TZOD\BRANCHES\WORK_NC22\GAME\TMP\DEBUG\TANK\SCRIPT.OBJ
D:\TZOD\BRANCHES\WORK_NC22\GAME\TMP\DEBUG\TANK\SCROLL.OBJ
D:\TZOD\BRANCHES\WORK_NC22\GAME\TMP\DEBUG\TANK\SERVICE.OBJ
D:\TZOD\BRANCHES\WORK_NC22\GAME\TMP\DEBUG\TANK\SFX.OBJ
D:\TZOD\BRANCHES\WORK_NC22\GAME\TMP\DEBUG\TANK\SOCKET.OBJ
D:\TZOD\BRANCHES\WORK_NC22\GAME\TMP\DEBUG\TANK\SOUND.OBJ
D:\TZOD\BRANCHES\WORK_NC22\GAME\TMP\DEBUG\TANK\STDAFX.OBJ
D:\TZOD\BRANCHES\WORK_NC22\GAME\TMP\DEBUG\TANK\TANK.EXE.EMBED.MANIFEST
D:\TZOD\BRANCHES\WORK_NC22\GAME\TMP\DEBUG\TANK\TANK.EXE.EMBED.MANIFEST.RES
D:\TZOD\BRANCHES\WORK_NC22\GAME\TMP\DEBUG\TANK\TANK.EXE.INTERMEDIATE.MANIFEST
D:\TZOD\BRANCHES\WORK_NC22\GAME\TMP\DEBUG\TANK\TANK.PCH
D:\TZOD\BRANCHES\WORK_NC22\GAME\TMP\DEBUG\TANK\TANK.PDB
D:\TZOD\BRANCHES\WORK_NC22\GAME\TMP\DEBUG\TANK\TANK.RES
D:\TZOD\BRANCHES\WORK_NC22\GAME\TMP\DEBUG\TANK\TANKCLIENT.OBJ
D:\TZOD\BRANCHES\WORK_NC22\GAME\TMP\DEBUG\TANK\TANKSERVER.OBJ
D:\TZOD\BRANCHES\WORK_NC22\GAME\TMP\DEBUG\TANK\TEXT.OBJ
D:\TZOD\BRANCHES\WORK_NC22\GAME\TMP\DEBUG\TANK\TEXTUREMANAGER.OBJ
D:\TZOD\BRANCHES\WORK_NC22\GAME\TMP\DEBUG\TANK\TIMER.OBJ
D:\TZOD\BRANCHES\WORK_NC22\GAME\TMP\DEBUG\TANK\TRIGGER.OBJ
D:\TZOD\BRANCHES\WORK_NC22\GAME\TMP\DEBUG\TANK\TURRETS.OBJ
D:\TZOD\BRANCHES\WORK_NC22\GAME\TMP\DEBUG\TANK\USEROBJECTS.OBJ
D:\TZOD\BRANCHES\WORK_NC22\GAME\TMP\DEBUG\TANK\VARIANT.OBJ
D:\TZOD\BRANCHES\WORK_NC22\GAME\TMP\DEBUG\TANK\VC100.PDB
D:\TZOD\BRANCHES\WORK_NC22\GAME\TMP\DEBUG\TANK\VEHICLE.OBJ
D:\TZOD\BRANCHES\WORK_NC22\GAME\TMP\DEBUG\TANK\WEAPONS.OBJ
D:\TZOD\BRANCHES\WORK_NC22\GAME\TMP\DEBUG\TANK\WINDOW.OBJ
D:\TZOD\branches\work_NC22_modified\game\out\Debug\tank.exe
D:\TZOD\BRANCHES\WORK_NC22_MODIFIED\GAME\TMP\DEBUG\TANK\2DSPRITE.OBJ
D:\TZOD\BRANCHES\WORK_NC22_MODIFIED\GAME\TMP\DEBUG\TANK\ACTOR.OBJ
D:\TZOD\BRANCHES\WORK_NC22_MODIFIED\GAME\TMP\DEBUG\TANK\AI.OBJ
D:\TZOD\BRANCHES\WORK_NC22_MODIFIED\GAME\TMP\DEBUG\TANK\APPLICATION.OBJ
D:\TZOD\BRANCHES\WORK_NC22_MODIFIED\GAME\TMP\DEBUG\TANK\BUTTON.OBJ
D:\TZOD\BRANCHES\WORK_NC22_MODIFIED\GAME\TMP\DEBUG\TANK\CAMERA.OBJ
D:\TZOD\branches\work_NC22_modified\game\tmp\Debug\tank\cl.command.1.tlog
D:\TZOD\branches\work_NC22_modified\game\tmp\Debug\tank\CL.read.1.tlog
D:\TZOD\branches\work_NC22_modified\game\tmp\Debug\tank\CL.write.1.tlog
D:\TZOD\BRANCHES\WORK_NC22_MODIFIED\GAME\TMP\DEBUG\TANK\COMBO.OBJ
D:\TZOD\BRANCHES\WORK_NC22_MODIFIED\GAME\TMP\DEBUG\TANK\COMMONTYPES.OBJ
D:\TZOD\BRANCHES\WORK_NC22_MODIFIED\GAME\TMP\DEBUG\TANK\CONFIG.OBJ
D:\TZOD\BRANCHES\WORK_NC22_MODIFIED\GAME\TMP\DEBUG\TANK\CONFIGBASE.OBJ
D:\TZOD\BRANCHES\WORK_NC22_MODIFIED\GAME\TMP\DEBUG\TANK\CONSOLEBUFFER.OBJ
D:\TZOD\BRANCHES\WORK_NC22_MODIFIED\GAME\TMP\DEBUG\TANK\CONTROLPACKET.OBJ
D:\TZOD\BRANCHES\WORK_NC22_MODIFIED\GAME\TMP\DEBUG\TANK\CRATE.OBJ
D:\TZOD\BRANCHES\WORK_NC22_MODIFIED\GAME\TMP\DEBUG\TANK\DEFAULTCAMERA.OBJ
D:\TZOD\BRANCHES\WORK_NC22_MODIFIED\GAME\TMP\DEBUG\TANK\DIALOG.OBJ
D:\TZOD\BRANCHES\WORK_NC22_MODIFIED\GAME\TMP\DEBUG\TANK\DIRECTX.OBJ
D:\TZOD\BRANCHES\WORK_NC22_MODIFIED\GAME\TMP\DEBUG\TANK\DSUTIL.OBJ
D:\TZOD\BRANCHES\WORK_NC22_MODIFIED\GAME\TMP\DEBUG\TANK\EDIT.OBJ
D:\TZOD\BRANCHES\WORK_NC22_MODIFIED\GAME\TMP\DEBUG\TANK\FILESYSTEM.OBJ
D:\TZOD\BRANCHES\WORK_NC22_MODIFIED\GAME\TMP\DEBUG\TANK\FUNCTIONS.OBJ
D:\TZOD\BRANCHES\WORK_NC22_MODIFIED\GAME\TMP\DEBUG\TANK\GAMECLASSES.OBJ
D:\TZOD\BRANCHES\WORK_NC22_MODIFIED\GAME\TMP\DEBUG\TANK\GLOBALS.OBJ
D:\TZOD\BRANCHES\WORK_NC22_MODIFIED\GAME\TMP\DEBUG\TANK\GUI.OBJ
D:\TZOD\BRANCHES\WORK_NC22_MODIFIED\GAME\TMP\DEBUG\TANK\GUI_CAMPAIGN.OBJ
D:\TZOD\branches\work_NC22_modified\game\tmp\Debug\tank\gui_console.obj
D:\TZOD\BRANCHES\WORK_NC22_MODIFIED\GAME\TMP\DEBUG\TANK\GUI_DESKTOP.OBJ
D:\TZOD\BRANCHES\WORK_NC22_MODIFIED\GAME\TMP\DEBUG\TANK\GUI_EDITOR.OBJ
D:\TZOD\BRANCHES\WORK_NC22_MODIFIED\GAME\TMP\DEBUG\TANK\GUI_GETFILENAME.OBJ
D:\TZOD\BRANCHES\WORK_NC22_MODIFIED\GAME\TMP\DEBUG\TANK\GUI_MAINMENU.OBJ
D:\TZOD\BRANCHES\WORK_NC22_MODIFIED\GAME\TMP\DEBUG\TANK\GUI_MAPLIST.OBJ
D:\TZOD\BRANCHES\WORK_NC22_MODIFIED\GAME\TMP\DEBUG\TANK\GUI_NETWORK.OBJ
D:\TZOD\BRANCHES\WORK_NC22_MODIFIED\GAME\TMP\DEBUG\TANK\GUI_SCORETABLE.OBJ
D:\TZOD\BRANCHES\WORK_NC22_MODIFIED\GAME\TMP\DEBUG\TANK\GUI_SETTINGS.OBJ
D:\TZOD\BRANCHES\WORK_NC22_MODIFIED\GAME\TMP\DEBUG\TANK\GUI_WIDGETS.OBJ
D:\TZOD\BRANCHES\WORK_NC22_MODIFIED\GAME\TMP\DEBUG\TANK\GUIMANAGER.OBJ
D:\TZOD\BRANCHES\WORK_NC22_MODIFIED\GAME\TMP\DEBUG\TANK\HTTPCLIENT.OBJ
D:\TZOD\BRANCHES\WORK_NC22_MODIFIED\GAME\TMP\DEBUG\TANK\IMAGELOADER.OBJ
D:\TZOD\BRANCHES\WORK_NC22_MODIFIED\GAME\TMP\DEBUG\TANK\INDICATORS.OBJ
D:\TZOD\BRANCHES\WORK_NC22_MODIFIED\GAME\TMP\DEBUG\TANK\INIT.OBJ
D:\TZOD\BRANCHES\WORK_NC22_MODIFIED\GAME\TMP\DEBUG\TANK\INPUTMANAGER.OBJ
D:\TZOD\BRANCHES\WORK_NC22_MODIFIED\GAME\TMP\DEBUG\TANK\INTERFACE.OBJ
D:\TZOD\BRANCHES\WORK_NC22_MODIFIED\GAME\TMP\DEBUG\TANK\KEYMAPPER.OBJ
D:\TZOD\BRANCHES\WORK_NC22_MODIFIED\GAME\TMP\DEBUG\TANK\LANGUAGE.OBJ
D:\TZOD\BRANCHES\WORK_NC22_MODIFIED\GAME\TMP\DEBUG\TANK\LEVEL.OBJ
D:\TZOD\BRANCHES\WORK_NC22_MODIFIED\GAME\TMP\DEBUG\TANK\LIGHT.OBJ
D:\TZOD\branches\work_NC22_modified\game\tmp\Debug\tank\link.command.1.tlog
D:\TZOD\branches\work_NC22_modified\game\tmp\Debug\tank\link.read.1.tlog
D:\TZOD\branches\work_NC22_modified\game\tmp\Debug\tank\link.write.1.tlog
D:\TZOD\branches\work_NC22_modified\game\tmp\Debug\tank\link-cvtres.read.1.tlog
D:\TZOD\branches\work_NC22_modified\game\tmp\Debug\tank\link-cvtres.write.1.tlog
D:\TZOD\BRANCHES\WORK_NC22_MODIFIED\GAME\TMP\DEBUG\TANK\LIST.OBJ
D:\TZOD\BRANCHES\WORK_NC22_MODIFIED\GAME\TMP\DEBUG\TANK\LISTBASE.OBJ
D:\TZOD\BRANCHES\WORK_NC22_MODIFIED\GAME\TMP\DEBUG\TANK\LOBBYCLIENT.OBJ
D:\TZOD\BRANCHES\WORK_NC22_MODIFIED\GAME\TMP\DEBUG\TANK\MAIN.OBJ
D:\TZOD\BRANCHES\WORK_NC22_MODIFIED\GAME\TMP\DEBUG\TANK\MAPFILE.OBJ
D:\TZOD\branches\work_NC22_modified\game\tmp\Debug\tank\Md5.obj
D:\TZOD\BRANCHES\WORK_NC22_MODIFIED\GAME\TMP\DEBUG\TANK\MESSAGEBOX.OBJ
D:\TZOD\BRANCHES\WORK_NC22_MODIFIED\GAME\TMP\DEBUG\TANK\MOUSEPOINTER.OBJ
D:\TZOD\branches\work_NC22_modified\game\tmp\Debug\tank\mt.command.1.tlog
D:\TZOD\branches\work_NC22_modified\game\tmp\Debug\tank\mt.read.1.tlog
D:\TZOD\branches\work_NC22_modified\game\tmp\Debug\tank\mt.write.1.tlog
D:\TZOD\BRANCHES\WORK_NC22_MODIFIED\GAME\TMP\DEBUG\TANK\MUSICPLAYER.OBJ
D:\TZOD\BRANCHES\WORK_NC22_MODIFIED\GAME\TMP\DEBUG\TANK\OBJECT.OBJ
D:\TZOD\BRANCHES\WORK_NC22_MODIFIED\GAME\TMP\DEBUG\TANK\PARTICLES.OBJ
D:\TZOD\BRANCHES\WORK_NC22_MODIFIED\GAME\TMP\DEBUG\TANK\PEER.OBJ
D:\TZOD\BRANCHES\WORK_NC22_MODIFIED\GAME\TMP\DEBUG\TANK\PICKUP.OBJ
D:\TZOD\BRANCHES\WORK_NC22_MODIFIED\GAME\TMP\DEBUG\TANK\PLAYER.OBJ
D:\TZOD\BRANCHES\WORK_NC22_MODIFIED\GAME\TMP\DEBUG\TANK\PROFILER.OBJ
D:\TZOD\BRANCHES\WORK_NC22_MODIFIED\GAME\TMP\DEBUG\TANK\PROJECTILES.OBJ
D:\TZOD\branches\work_NC22_modified\game\tmp\Debug\tank\rc.command.1.tlog
D:\TZOD\branches\work_NC22_modified\game\tmp\Debug\tank\rc.read.1.tlog
D:\TZOD\branches\work_NC22_modified\game\tmp\Debug\tank\rc.write.1.tlog
D:\TZOD\BRANCHES\WORK_NC22_MODIFIED\GAME\TMP\DEBUG\TANK\RENDERDIRECT3D.OBJ
D:\TZOD\BRANCHES\WORK_NC22_MODIFIED\GAME\TMP\DEBUG\TANK\RENDEROPENGL.OBJ
D:\TZOD\BRANCHES\WORK_NC22_MODIFIED\GAME\TMP\DEBUG\TANK\RIGIDBODY.OBJ
D:\TZOD\BRANCHES\WORK_NC22_MODIFIED\GAME\TMP\DEBUG\TANK\ROTATOR.OBJ
D:\TZOD\BRANCHES\WORK_NC22_MODIFIED\GAME\TMP\DEBUG\TANK\SAFEPTR.OBJ
D:\TZOD\BRANCHES\WORK_NC22_MODIFIED\GAME\TMP\DEBUG\TANK\SAVEFILE.OBJ
D:\TZOD\BRANCHES\WORK_NC22_MODIFIED\GAME\TMP\DEBUG\TANK\SCRIPT.OBJ
D:\TZOD\BRANCHES\WORK_NC22_MODIFIED\GAME\TMP\DEBUG\TANK\SCROLL.OBJ
D:\TZOD\BRANCHES\WORK_NC22_MODIFIED\GAME\TMP\DEBUG\TANK\SERVICE.OBJ
D:\TZOD\BRANCHES\WORK_NC22_MODIFIED\GAME\TMP\DEBUG\TANK\SFX.OBJ
D:\TZOD\BRANCHES\WORK_NC22_MODIFIED\GAME\TMP\DEBUG\TANK\SOCKET.OBJ
D:\TZOD\BRANCHES\WORK_NC22_MODIFIED\GAME\TMP\DEBUG\TANK\SOUND.OBJ
D:\TZOD\BRANCHES\WORK_NC22_MODIFIED\GAME\TMP\DEBUG\TANK\STDAFX.OBJ
D:\TZOD\branches\work_NC22_modified\game\tmp\Debug\tank\tank.exe.embed.manifest
D:\TZOD\branches\work_NC22_modified\game\tmp\Debug\tank\tank.exe.embed.manifest.res
D:\TZOD\branches\work_NC22_modified\game\tmp\Debug\tank\tank.exe.intermediate.manifest
D:\TZOD\BRANCHES\WORK_NC22_MODIFIED\GAME\TMP\DEBUG\TANK\TANK.PCH
D:\TZOD\branches\work_NC22_modified\game\tmp\Debug\tank\tank.pdb
D:\TZOD\branches\work_NC22_modified\game\tmp\Debug\tank\tank.res
D:\TZOD\branches\work_NC22_modified\game\tmp\Debug\tank\tank.write.1.tlog
D:\TZOD\branches\work_NC22_modified\game\tmp\Debug\tank\tank_manifest.rc
D:\TZOD\BRANCHES\WORK_NC22_MODIFIED\GAME\TMP\DEBUG\TANK\TANKCLIENT.OBJ
D:\TZOD\BRANCHES\WORK_NC22_MODIFIED\GAME\TMP\DEBUG\TANK\TANKSERVER.OBJ
D:\TZOD\BRANCHES\WORK_NC22_MODIFIED\GAME\TMP\DEBUG\TANK\TEXT.OBJ
D:\TZOD\BRANCHES\WORK_NC22_MODIFIED\GAME\TMP\DEBUG\TANK\TEXTUREMANAGER.OBJ
D:\TZOD\BRANCHES\WORK_NC22_MODIFIED\GAME\TMP\DEBUG\TANK\TIMER.OBJ
D:\TZOD\BRANCHES\WORK_NC22_MODIFIED\GAME\TMP\DEBUG\TANK\TRIGGER.OBJ
D:\TZOD\BRANCHES\WORK_NC22_MODIFIED\GAME\TMP\DEBUG\TANK\USEROBJECTS.OBJ
D:\TZOD\BRANCHES\WORK_NC22_MODIFIED\GAME\TMP\DEBUG\TANK\VARIANT.OBJ
D:\TZOD\branches\work_NC22_modified\game\tmp\Debug\tank\vc100.idb
D:\TZOD\BRANCHES\WORK_NC22_MODIFIED\GAME\TMP\DEBUG\TANK\VC100.PDB
D:\TZOD\BRANCHES\WORK_NC22_MODIFIED\GAME\TMP\DEBUG\TANK\VEHICLE.OBJ
D:\TZOD\BRANCHES\WORK_NC22_MODIFIED\GAME\TMP\DEBUG\TANK\WINDOW.OBJ
out\Debug\tank.ilk
out\Debug\tank.pdb
