D:\TZOD\BRANCHES\WORK_NC22_MODIFIED\GAME\OUT\RELEASE\TANK.EXE
D:\TZOD\BRANCHES\WORK_NC22_MODIFIED\GAME\TMP\RELEASE\TANK\2DSPRITE.OBJ
D:\TZOD\BRANCHES\WORK_NC22_MODIFIED\GAME\TMP\RELEASE\TANK\ACTOR.OBJ
D:\TZOD\BRANCHES\WORK_NC22_MODIFIED\GAME\TMP\RELEASE\TANK\AI.OBJ
D:\TZOD\BRANCHES\WORK_NC22_MODIFIED\GAME\TMP\RELEASE\TANK\APPLICATION.OBJ
D:\TZOD\BRANCHES\WORK_NC22_MODIFIED\GAME\TMP\RELEASE\TANK\BUTTON.OBJ
D:\TZOD\BRANCHES\WORK_NC22_MODIFIED\GAME\TMP\RELEASE\TANK\CAMERA.OBJ
D:\TZOD\branches\work_NC22_modified\game\tmp\Release\tank\CL.12640.read.1.tlog
D:\TZOD\branches\work_NC22_modified\game\tmp\Release\tank\CL.12640.write.1.tlog
D:\TZOD\branches\work_NC22_modified\game\tmp\Release\tank\CL.4436.read.1.tlog
D:\TZOD\branches\work_NC22_modified\game\tmp\Release\tank\CL.4436.write.1.tlog
D:\TZOD\branches\work_NC22_modified\game\tmp\Release\tank\CL.4824.read.1.tlog
D:\TZOD\branches\work_NC22_modified\game\tmp\Release\tank\CL.4824.write.1.tlog
D:\TZOD\branches\work_NC22_modified\game\tmp\Release\tank\CL.6832.read.1.tlog
D:\TZOD\branches\work_NC22_modified\game\tmp\Release\tank\CL.6832.write.1.tlog
D:\TZOD\branches\work_NC22_modified\game\tmp\Release\tank\cl.command.1.tlog
D:\TZOD\branches\work_NC22_modified\game\tmp\Release\tank\CL.read.1.tlog
D:\TZOD\branches\work_NC22_modified\game\tmp\Release\tank\CL.write.1.tlog
D:\TZOD\BRANCHES\WORK_NC22_MODIFIED\GAME\TMP\RELEASE\TANK\COMBO.OBJ
D:\TZOD\BRANCHES\WORK_NC22_MODIFIED\GAME\TMP\RELEASE\TANK\COMMONTYPES.OBJ
D:\TZOD\BRANCHES\WORK_NC22_MODIFIED\GAME\TMP\RELEASE\TANK\CONFIG.OBJ
D:\TZOD\BRANCHES\WORK_NC22_MODIFIED\GAME\TMP\RELEASE\TANK\CONFIGBASE.OBJ
D:\TZOD\BRANCHES\WORK_NC22_MODIFIED\GAME\TMP\RELEASE\TANK\CONSOLEBUFFER.OBJ
D:\TZOD\BRANCHES\WORK_NC22_MODIFIED\GAME\TMP\RELEASE\TANK\CONTROLPACKET.OBJ
D:\TZOD\BRANCHES\WORK_NC22_MODIFIED\GAME\TMP\RELEASE\TANK\CRATE.OBJ
D:\TZOD\BRANCHES\WORK_NC22_MODIFIED\GAME\TMP\RELEASE\TANK\DEFAULTCAMERA.OBJ
D:\TZOD\BRANCHES\WORK_NC22_MODIFIED\GAME\TMP\RELEASE\TANK\DIALOG.OBJ
D:\TZOD\BRANCHES\WORK_NC22_MODIFIED\GAME\TMP\RELEASE\TANK\DIRECTX.OBJ
D:\TZOD\BRANCHES\WORK_NC22_MODIFIED\GAME\TMP\RELEASE\TANK\DSUTIL.OBJ
D:\TZOD\BRANCHES\WORK_NC22_MODIFIED\GAME\TMP\RELEASE\TANK\EDIT.OBJ
D:\TZOD\BRANCHES\WORK_NC22_MODIFIED\GAME\TMP\RELEASE\TANK\FILESYSTEM.OBJ
D:\TZOD\BRANCHES\WORK_NC22_MODIFIED\GAME\TMP\RELEASE\TANK\FUNCTIONS.OBJ
D:\TZOD\BRANCHES\WORK_NC22_MODIFIED\GAME\TMP\RELEASE\TANK\GAMECLASSES.OBJ
D:\TZOD\BRANCHES\WORK_NC22_MODIFIED\GAME\TMP\RELEASE\TANK\GLOBALS.OBJ
D:\TZOD\BRANCHES\WORK_NC22_MODIFIED\GAME\TMP\RELEASE\TANK\GUI.OBJ
D:\TZOD\BRANCHES\WORK_NC22_MODIFIED\GAME\TMP\RELEASE\TANK\GUI_CAMPAIGN.OBJ
D:\TZOD\BRANCHES\WORK_NC22_MODIFIED\GAME\TMP\RELEASE\TANK\GUI_CONSOLE.OBJ
D:\TZOD\BRANCHES\WORK_NC22_MODIFIED\GAME\TMP\RELEASE\TANK\GUI_DESKTOP.OBJ
D:\TZOD\BRANCHES\WORK_NC22_MODIFIED\GAME\TMP\RELEASE\TANK\GUI_EDITOR.OBJ
D:\TZOD\BRANCHES\WORK_NC22_MODIFIED\GAME\TMP\RELEASE\TANK\GUI_GETFILENAME.OBJ
D:\TZOD\BRANCHES\WORK_NC22_MODIFIED\GAME\TMP\RELEASE\TANK\GUI_MAINMENU.OBJ
D:\TZOD\BRANCHES\WORK_NC22_MODIFIED\GAME\TMP\RELEASE\TANK\GUI_MAPLIST.OBJ
D:\TZOD\BRANCHES\WORK_NC22_MODIFIED\GAME\TMP\RELEASE\TANK\GUI_NETWORK.OBJ
D:\TZOD\BRANCHES\WORK_NC22_MODIFIED\GAME\TMP\RELEASE\TANK\GUI_SCORETABLE.OBJ
D:\TZOD\BRANCHES\WORK_NC22_MODIFIED\GAME\TMP\RELEASE\TANK\GUI_SETTINGS.OBJ
D:\TZOD\BRANCHES\WORK_NC22_MODIFIED\GAME\TMP\RELEASE\TANK\GUI_WIDGETS.OBJ
D:\TZOD\BRANCHES\WORK_NC22_MODIFIED\GAME\TMP\RELEASE\TANK\GUIMANAGER.OBJ
D:\TZOD\BRANCHES\WORK_NC22_MODIFIED\GAME\TMP\RELEASE\TANK\HTTPCLIENT.OBJ
D:\TZOD\BRANCHES\WORK_NC22_MODIFIED\GAME\TMP\RELEASE\TANK\IMAGELOADER.OBJ
D:\TZOD\BRANCHES\WORK_NC22_MODIFIED\GAME\TMP\RELEASE\TANK\INDICATORS.OBJ
D:\TZOD\BRANCHES\WORK_NC22_MODIFIED\GAME\TMP\RELEASE\TANK\INIT.OBJ
D:\TZOD\BRANCHES\WORK_NC22_MODIFIED\GAME\TMP\RELEASE\TANK\INPUTMANAGER.OBJ
D:\TZOD\BRANCHES\WORK_NC22_MODIFIED\GAME\TMP\RELEASE\TANK\INTERFACE.OBJ
D:\TZOD\BRANCHES\WORK_NC22_MODIFIED\GAME\TMP\RELEASE\TANK\KEYMAPPER.OBJ
D:\TZOD\BRANCHES\WORK_NC22_MODIFIED\GAME\TMP\RELEASE\TANK\LANGUAGE.OBJ
D:\TZOD\BRANCHES\WORK_NC22_MODIFIED\GAME\TMP\RELEASE\TANK\LEVEL.OBJ
D:\TZOD\BRANCHES\WORK_NC22_MODIFIED\GAME\TMP\RELEASE\TANK\LIGHT.OBJ
D:\TZOD\branches\work_NC22_modified\game\tmp\Release\tank\link.command.1.tlog
D:\TZOD\branches\work_NC22_modified\game\tmp\Release\tank\link.read.1.tlog
D:\TZOD\branches\work_NC22_modified\game\tmp\Release\tank\link.write.1.tlog
D:\TZOD\branches\work_NC22_modified\game\tmp\Release\tank\link-cvtres.read.1.tlog
D:\TZOD\branches\work_NC22_modified\game\tmp\Release\tank\link-cvtres.write.1.tlog
D:\TZOD\BRANCHES\WORK_NC22_MODIFIED\GAME\TMP\RELEASE\TANK\LIST.OBJ
D:\TZOD\BRANCHES\WORK_NC22_MODIFIED\GAME\TMP\RELEASE\TANK\LISTBASE.OBJ
D:\TZOD\BRANCHES\WORK_NC22_MODIFIED\GAME\TMP\RELEASE\TANK\LOBBYCLIENT.OBJ
D:\TZOD\BRANCHES\WORK_NC22_MODIFIED\GAME\TMP\RELEASE\TANK\MAIN.OBJ
D:\TZOD\BRANCHES\WORK_NC22_MODIFIED\GAME\TMP\RELEASE\TANK\MAPFILE.OBJ
D:\TZOD\BRANCHES\WORK_NC22_MODIFIED\GAME\TMP\RELEASE\TANK\MD5.OBJ
D:\TZOD\BRANCHES\WORK_NC22_MODIFIED\GAME\TMP\RELEASE\TANK\MESSAGEBOX.OBJ
D:\TZOD\BRANCHES\WORK_NC22_MODIFIED\GAME\TMP\RELEASE\TANK\MOUSEPOINTER.OBJ
D:\TZOD\branches\work_NC22_modified\game\tmp\Release\tank\mt.command.1.tlog
D:\TZOD\branches\work_NC22_modified\game\tmp\Release\tank\mt.read.1.tlog
D:\TZOD\branches\work_NC22_modified\game\tmp\Release\tank\mt.write.1.tlog
D:\TZOD\BRANCHES\WORK_NC22_MODIFIED\GAME\TMP\RELEASE\TANK\MUSICPLAYER.OBJ
D:\TZOD\BRANCHES\WORK_NC22_MODIFIED\GAME\TMP\RELEASE\TANK\OBJECT.OBJ
D:\TZOD\BRANCHES\WORK_NC22_MODIFIED\GAME\TMP\RELEASE\TANK\PARTICLES.OBJ
D:\TZOD\BRANCHES\WORK_NC22_MODIFIED\GAME\TMP\RELEASE\TANK\PEER.OBJ
D:\TZOD\BRANCHES\WORK_NC22_MODIFIED\GAME\TMP\RELEASE\TANK\PICKUP.OBJ
D:\TZOD\BRANCHES\WORK_NC22_MODIFIED\GAME\TMP\RELEASE\TANK\PLAYER.OBJ
D:\TZOD\BRANCHES\WORK_NC22_MODIFIED\GAME\TMP\RELEASE\TANK\PROFILER.OBJ
D:\TZOD\BRANCHES\WORK_NC22_MODIFIED\GAME\TMP\RELEASE\TANK\PROJECTILES.OBJ
D:\TZOD\branches\work_NC22_modified\game\tmp\Release\tank\rc.command.1.tlog
D:\TZOD\branches\work_NC22_modified\game\tmp\Release\tank\rc.read.1.tlog
D:\TZOD\branches\work_NC22_modified\game\tmp\Release\tank\rc.write.1.tlog
D:\TZOD\BRANCHES\WORK_NC22_MODIFIED\GAME\TMP\RELEASE\TANK\RENDERDIRECT3D.OBJ
D:\TZOD\BRANCHES\WORK_NC22_MODIFIED\GAME\TMP\RELEASE\TANK\RENDEROPENGL.OBJ
D:\TZOD\BRANCHES\WORK_NC22_MODIFIED\GAME\TMP\RELEASE\TANK\RIGIDBODY.OBJ
D:\TZOD\BRANCHES\WORK_NC22_MODIFIED\GAME\TMP\RELEASE\TANK\RIGIDBODYDYNAMIC.OBJ
D:\TZOD\BRANCHES\WORK_NC22_MODIFIED\GAME\TMP\RELEASE\TANK\ROTATOR.OBJ
D:\TZOD\BRANCHES\WORK_NC22_MODIFIED\GAME\TMP\RELEASE\TANK\SAFEPTR.OBJ
D:\TZOD\BRANCHES\WORK_NC22_MODIFIED\GAME\TMP\RELEASE\TANK\SAVEFILE.OBJ
D:\TZOD\BRANCHES\WORK_NC22_MODIFIED\GAME\TMP\RELEASE\TANK\SCRIPT.OBJ
D:\TZOD\BRANCHES\WORK_NC22_MODIFIED\GAME\TMP\RELEASE\TANK\SCROLL.OBJ
D:\TZOD\BRANCHES\WORK_NC22_MODIFIED\GAME\TMP\RELEASE\TANK\SERVICE.OBJ
D:\TZOD\BRANCHES\WORK_NC22_MODIFIED\GAME\TMP\RELEASE\TANK\SFX.OBJ
D:\TZOD\BRANCHES\WORK_NC22_MODIFIED\GAME\TMP\RELEASE\TANK\SOCKET.OBJ
D:\TZOD\BRANCHES\WORK_NC22_MODIFIED\GAME\TMP\RELEASE\TANK\SOUND.OBJ
D:\TZOD\BRANCHES\WORK_NC22_MODIFIED\GAME\TMP\RELEASE\TANK\STDAFX.OBJ
D:\TZOD\BRANCHES\WORK_NC22_MODIFIED\GAME\TMP\RELEASE\TANK\TANK.EXE.INTERMEDIATE.MANIFEST
D:\TZOD\BRANCHES\WORK_NC22_MODIFIED\GAME\TMP\RELEASE\TANK\TANK.PCH
D:\TZOD\BRANCHES\WORK_NC22_MODIFIED\GAME\TMP\RELEASE\TANK\TANK.RES
D:\TZOD\branches\work_NC22_modified\game\tmp\Release\tank\tank.vcxprojResolveAssemblyReference.cache
D:\TZOD\branches\work_NC22_modified\game\tmp\Release\tank\tank.write.1.tlog
D:\TZOD\BRANCHES\WORK_NC22_MODIFIED\GAME\TMP\RELEASE\TANK\TANKCLIENT.OBJ
D:\TZOD\BRANCHES\WORK_NC22_MODIFIED\GAME\TMP\RELEASE\TANK\TANKSERVER.OBJ
D:\TZOD\BRANCHES\WORK_NC22_MODIFIED\GAME\TMP\RELEASE\TANK\TEXT.OBJ
D:\TZOD\BRANCHES\WORK_NC22_MODIFIED\GAME\TMP\RELEASE\TANK\TEXTUREMANAGER.OBJ
D:\TZOD\BRANCHES\WORK_NC22_MODIFIED\GAME\TMP\RELEASE\TANK\TIMER.OBJ
D:\TZOD\BRANCHES\WORK_NC22_MODIFIED\GAME\TMP\RELEASE\TANK\TRIGGER.OBJ
D:\TZOD\BRANCHES\WORK_NC22_MODIFIED\GAME\TMP\RELEASE\TANK\TURRETS.OBJ
D:\TZOD\BRANCHES\WORK_NC22_MODIFIED\GAME\TMP\RELEASE\TANK\USEROBJECTS.OBJ
D:\TZOD\BRANCHES\WORK_NC22_MODIFIED\GAME\TMP\RELEASE\TANK\VARIANT.OBJ
D:\TZOD\BRANCHES\WORK_NC22_MODIFIED\GAME\TMP\RELEASE\TANK\VC100.PDB
D:\TZOD\BRANCHES\WORK_NC22_MODIFIED\GAME\TMP\RELEASE\TANK\VEHICLE.OBJ
D:\TZOD\BRANCHES\WORK_NC22_MODIFIED\GAME\TMP\RELEASE\TANK\WEAPONS.OBJ
D:\TZOD\BRANCHES\WORK_NC22_MODIFIED\GAME\TMP\RELEASE\TANK\WINDOW.OBJ
