Build started 09.06.2014 21:33:25.
     1>Project "D:\TZOD\branches\work_NC22_modified\game\tank.vcxproj" on node 2 (build target(s)).
     1>InitializeBuildStatus:
         Touching "tmp\Release\tank\tank.unsuccessfulbuild".
       ClCompile:
         All outputs are up-to-date.
         All outputs are up-to-date.
         All outputs are up-to-date.
         All outputs are up-to-date.
       ResourceCompile:
         All outputs are up-to-date.
       Link:
         All outputs are up-to-date.
         tank.vcxproj -> D:\TZOD\branches\work_NC22_modified\game\out\Release\tank.exe
       FinalizeBuildStatus:
         Deleting file "tmp\Release\tank\tank.unsuccessfulbuild".
         Touching "tmp\Release\tank\tank.lastbuildstate".
     1>Done Building Project "D:\TZOD\branches\work_NC22_modified\game\tank.vcxproj" (build target(s)).

Build succeeded.

Time Elapsed 00:00:00.76
